<?xml version="1.0" encoding="UTF-8"?>
<testng-results ignored="0" total="1" passed="1" failed="0" skipped="0">
  <reporter-output>
    <line>
      <![CDATA[execution started]]>
    </line>
    <line>
      <![CDATA[Execution Ended]]>
    </line>
  </reporter-output>
  <suite started-at="2023-06-04T08:07:06 IST" name="Surefire suite" finished-at="2023-06-04T08:08:37 IST" duration-ms="90580">
    <groups>
    </groups>
    <test started-at="2023-06-04T08:07:06 IST" name="Surefire test" finished-at="2023-06-04T08:08:37 IST" duration-ms="90580">
      <class name="com.actitime.testcases.TC_1">
        <test-method is-config="true" signature="executionStart()[pri:0, instance:com.actitime.testcases.TC_1@1184ab05]" started-at="2023-06-04T08:07:06 IST" name="executionStart" finished-at="2023-06-04T08:07:06 IST" duration-ms="25" status="PASS">
          <reporter-output>
            <line>
              <![CDATA[execution started]]>
            </line>
          </reporter-output>
        </test-method> <!-- executionStart -->
        <test-method is-config="true" signature="setup()[pri:0, instance:com.actitime.testcases.TC_1@1184ab05]" started-at="2023-06-04T08:07:06 IST" name="setup" finished-at="2023-06-04T08:08:19 IST" duration-ms="73014" status="PASS">
          <reporter-output>
          </reporter-output>
        </test-method> <!-- setup -->
        <test-method signature="login1()[pri:0, instance:com.actitime.testcases.TC_1@1184ab05]" started-at="2023-06-04T08:08:19 IST" name="login1" finished-at="2023-06-04T08:08:37 IST" duration-ms="17473" status="PASS">
          <reporter-output>
          </reporter-output>
        </test-method> <!-- login1 -->
        <test-method is-config="true" signature="executionEnd()[pri:0, instance:com.actitime.testcases.TC_1@1184ab05]" started-at="2023-06-04T08:08:39 IST" name="executionEnd" finished-at="2023-06-04T08:08:39 IST" duration-ms="1" status="PASS">
          <reporter-output>
            <line>
              <![CDATA[Execution Ended]]>
            </line>
          </reporter-output>
        </test-method> <!-- executionEnd -->
      </class> <!-- com.actitime.testcases.TC_1 -->
    </test> <!-- Surefire test -->
  </suite> <!-- Surefire suite -->
</testng-results>
